2024-10-22 14:13:08 INFO  ebanking:45 - Driver initialized and e-banking test setup started.
2024-10-22 14:13:08 INFO  ebanking:46 - Navigating to: http://demo.guru99.com/V3/index.php
2024-10-22 14:13:15 INFO  ebanking:21 - user name provided
2024-10-22 14:13:15 INFO  ebanking:23 - password provided
2024-10-22 14:13:20 INFO  ebanking:21 - user name provided
2024-10-22 14:13:20 INFO  ebanking:23 - password provided
2024-10-22 14:13:24 INFO  ebanking:21 - user name provided
2024-10-22 14:13:24 INFO  ebanking:23 - password provided
2024-10-22 14:13:28 INFO  ebanking:21 - user name provided
2024-10-22 14:13:28 INFO  ebanking:23 - password provided
2024-10-22 14:13:32 INFO  ebanking:21 - user name provided
2024-10-22 14:13:32 INFO  ebanking:23 - password provided
2024-10-22 14:13:37 INFO  ebanking:21 - user name provided
2024-10-22 14:13:37 INFO  ebanking:23 - password provided
2024-10-22 14:13:41 INFO  ebanking:39 - Login passed
2024-10-22 14:13:45 INFO  ebanking:56 - Test execution completed. Closing the browser.
2024-10-22 14:20:57 INFO  ebanking:45 - Driver initialized and e-banking test setup started.
2024-10-22 14:20:57 INFO  ebanking:46 - Navigating to: http://demo.guru99.com/V3/index.php
2024-10-22 14:21:04 INFO  ebanking:16 - User name entered
2024-10-22 14:21:17 INFO  ebanking:56 - Test execution completed. Closing the browser.
2024-10-22 14:24:20 INFO  ebanking:45 - Driver initialized and e-banking test setup started.
2024-10-22 14:24:20 INFO  ebanking:46 - Navigating to: http://demo.guru99.com/V3/index.php
2024-10-22 14:24:24 INFO  ebanking:16 - User name entered
2024-10-22 14:24:38 INFO  ebanking:56 - Test execution completed. Closing the browser.
